<?xml version="1.0" encoding="UTF-8"?>
<testsuite xmlns:xsi="http://www.w3.org/2001/XMLSchema-instance" xsi:noNamespaceSchemaLocation="https://maven.apache.org/surefire/maven-surefire-plugin/xsd/surefire-test-report-3.0.xsd" version="3.0" name="com.restaurante.interfaces.MenuControllerTest" time="3.342" tests="2" errors="0" skipped="0" failures="0">
  <properties>
[...]
</properties>
  <testcase name="getAllMenuItems_shouldReturnAllItems" classname="com.restaurante.interfaces.MenuControllerTest" time="0.352">
    <system-out><![CDATA[2024-12-25T15:22:07.598-03:00  INFO 4148 --- [           main] t.c.s.AnnotationConfigContextLoaderUtils : Could not detect default configuration classes for test class [com.restaurante.interfaces.MenuControllerTest]: MenuControllerTest does not declare any static, non-private, non-final, nested classes annotated with @Configuration.
2024-12-25T15:22:07.708-03:00  INFO 4148 --- [           main] .b.t.c.SpringBootTestContextBootstrapper : Found @SpringBootConfiguration com.restaurante.RestauranteApplication for test class com.restaurante.interfaces.MenuControllerTest

  .   ____          _            __ _ _
 /\\ / ___'_ __ _ _(_)_ __  __ _ \ \ \ \
( ( )\___ | '_ | '_| | '_ \/ _` | \ \ \ \
 \\/  ___)| |_)| | | | | || (_| |  ) ) ) )
  '  |____| .__|_| |_|_| |_\__, | / / / /
 =========|_|==============|___/=/_/_/_/
 :: Spring Boot ::                (v3.1.5)

2024-12-25T15:22:07.792-03:00  INFO 4148 --- [           main] c.r.interfaces.MenuControllerTest        : Starting MenuControllerTest using Java 23 with PID 4148 (started by mzica in C:\Users\mzica\OneDrive\Desktop\sistema-gestao-restaurantes\restaurante-backend)
2024-12-25T15:22:07.793-03:00 DEBUG 4148 --- [           main] c.r.interfaces.MenuControllerTest        : Running with Spring Boot v3.1.5, Spring v6.0.13
2024-12-25T15:22:07.794-03:00  INFO 4148 --- [           main] c.r.interfaces.MenuControllerTest        : The following 1 profile is active: "test"
2024-12-25T15:22:08.304-03:00  INFO 4148 --- [           main] .s.d.r.c.RepositoryConfigurationDelegate : Bootstrapping Spring Data JPA repositories in DEFAULT mode.
2024-12-25T15:22:08.334-03:00  INFO 4148 --- [           main] .s.d.r.c.RepositoryConfigurationDelegate : Finished Spring Data repository scanning in 28 ms. Found 5 JPA repository interfaces.
2024-12-25T15:22:08.916-03:00  INFO 4148 --- [           main] o.hibernate.jpa.internal.util.LogHelper  : HHH000204: Processing PersistenceUnitInfo [name: default]
2024-12-25T15:22:08.952-03:00  INFO 4148 --- [           main] o.s.o.j.p.SpringPersistenceUnitInfo      : No LoadTimeWeaver setup: ignoring JPA class transformer
2024-12-25T15:22:08.955-03:00  INFO 4148 --- [           main] com.zaxxer.hikari.HikariDataSource       : HikariPool-3 - Starting...
2024-12-25T15:22:08.957-03:00  INFO 4148 --- [           main] com.zaxxer.hikari.pool.HikariPool        : HikariPool-3 - Added connection conn20: url=jdbc:h2:mem:testdb user=SA
2024-12-25T15:22:08.959-03:00  INFO 4148 --- [           main] com.zaxxer.hikari.HikariDataSource       : HikariPool-3 - Start completed.
2024-12-25T15:22:08.959-03:00  WARN 4148 --- [           main] org.hibernate.orm.deprecation            : HHH90000025: H2Dialect does not need to be specified explicitly using 'hibernate.dialect' (remove the property setting and it will be selected by default)
2024-12-25T15:22:09.090-03:00  INFO 4148 --- [           main] o.h.m.i.EntityInstantiatorPojoStandard   : HHH000182: No default (no-argument) constructor for class: com.restaurante.domain.User (class must be instantiated by Interceptor)
2024-12-25T15:22:09.178-03:00  INFO 4148 --- [           main] o.h.e.t.j.p.i.JtaPlatformInitiator       : HHH000489: No JTA platform available (set 'hibernate.transaction.jta.platform' to enable JTA platform integration)
2024-12-25T15:22:09.190-03:00  INFO 4148 --- [           main] j.LocalContainerEntityManagerFactoryBean : Initialized JPA EntityManagerFactory for persistence unit 'default'
2024-12-25T15:22:09.310-03:00  INFO 4148 --- [           main] tionInformation$PropertyDescriptorSource : Couldn't read class metadata for interface java.util.Map. Input property calculation might fail
2024-12-25T15:22:09.703-03:00  WARN 4148 --- [           main] JpaBaseConfiguration$JpaWebConfiguration : spring.jpa.open-in-view is enabled by default. Therefore, database queries may be performed during view rendering. Explicitly configure spring.jpa.open-in-view to disable this warning
2024-12-25T15:22:09.756-03:00  INFO 4148 --- [           main] o.s.s.web.DefaultSecurityFilterChain     : Will secure any request with [org.springframework.security.web.session.DisableEncodeUrlFilter@51939207, org.springframework.security.web.context.request.async.WebAsyncManagerIntegrationFilter@21a8998c, org.springframework.security.web.context.SecurityContextHolderFilter@2811cde7, org.springframework.security.web.header.HeaderWriterFilter@5a6029d9, org.springframework.security.web.authentication.logout.LogoutFilter@125c42e3, org.springframework.security.web.savedrequest.RequestCacheAwareFilter@7a6980d4, org.springframework.security.web.servletapi.SecurityContextHolderAwareRequestFilter@6f710da7, org.springframework.security.web.authentication.AnonymousAuthenticationFilter@2ddb0d1a, org.springframework.security.web.access.ExceptionTranslationFilter@11b097a1, org.springframework.security.web.access.intercept.AuthorizationFilter@43fe325e]
2024-12-25T15:22:09.772-03:00  INFO 4148 --- [           main] o.s.s.web.DefaultSecurityFilterChain     : Will secure any request with [org.springframework.security.web.session.DisableEncodeUrlFilter@177244f5, org.springframework.security.web.context.request.async.WebAsyncManagerIntegrationFilter@73515663, org.springframework.security.web.context.SecurityContextHolderFilter@3c69b875, org.springframework.security.web.header.HeaderWriterFilter@195b4f4f, org.springframework.security.web.authentication.logout.LogoutFilter@153e2f2f, org.springframework.security.web.savedrequest.RequestCacheAwareFilter@1c49ae29, org.springframework.security.web.servletapi.SecurityContextHolderAwareRequestFilter@27879b4e, org.springframework.security.web.authentication.AnonymousAuthenticationFilter@867ce95, org.springframework.security.web.access.ExceptionTranslationFilter@7a282bad, org.springframework.security.web.access.intercept.AuthorizationFilter@5f914d68]
2024-12-25T15:22:09.791-03:00  INFO 4148 --- [           main] o.s.s.web.DefaultSecurityFilterChain     : Will secure any request with [org.springframework.security.web.session.DisableEncodeUrlFilter@399b9537, org.springframework.security.web.context.request.async.WebAsyncManagerIntegrationFilter@3117fd8, org.springframework.security.web.context.SecurityContextHolderFilter@2324100b, org.springframework.security.web.header.HeaderWriterFilter@2988933b, org.springframework.security.web.authentication.logout.LogoutFilter@5c9cc591, org.springframework.security.web.savedrequest.RequestCacheAwareFilter@17dfa412, org.springframework.security.web.servletapi.SecurityContextHolderAwareRequestFilter@32c77e0d, org.springframework.security.web.authentication.AnonymousAuthenticationFilter@7d4f7aab, org.springframework.security.web.access.ExceptionTranslationFilter@a55ed01, org.springframework.security.web.access.intercept.AuthorizationFilter@3fb732ee]
2024-12-25T15:22:10.333-03:00  INFO 4148 --- [           main] o.s.b.a.h2.H2ConsoleAutoConfiguration    : H2 console available at '/h2-console'. Database available at 'jdbc:h2:mem:testdb'
2024-12-25T15:22:10.452-03:00  INFO 4148 --- [           main] o.s.b.t.m.w.SpringBootMockServletContext : Initializing Spring TestDispatcherServlet ''
2024-12-25T15:22:10.452-03:00  INFO 4148 --- [           main] o.s.t.web.servlet.TestDispatcherServlet  : Initializing Servlet ''
2024-12-25T15:22:10.454-03:00  INFO 4148 --- [           main] o.s.t.web.servlet.TestDispatcherServlet  : Completed initialization in 1 ms
2024-12-25T15:22:10.464-03:00  INFO 4148 --- [           main] o.s.m.s.b.SimpleBrokerMessageHandler     : Starting...
2024-12-25T15:22:10.464-03:00  INFO 4148 --- [           main] o.s.m.s.b.SimpleBrokerMessageHandler     : BrokerAvailabilityEvent[available=true, SimpleBrokerMessageHandler [org.springframework.messaging.simp.broker.DefaultSubscriptionRegistry@17a12fcd]]
2024-12-25T15:22:10.464-03:00  INFO 4148 --- [           main] o.s.m.s.b.SimpleBrokerMessageHandler     : Started.
2024-12-25T15:22:10.471-03:00  INFO 4148 --- [           main] c.r.interfaces.MenuControllerTest        : Started MenuControllerTest in 2.74 seconds (process running for 20.225)
]]></system-out>
  </testcase>
  <testcase name="addMenuItem_shouldAddAndReturnItem" classname="com.restaurante.interfaces.MenuControllerTest" time="0.103"/>
</testsuite>