<?xml version="1.0" encoding="UTF-8"?>
<testsuite xmlns:xsi="http://www.w3.org/2001/XMLSchema-instance" xsi:noNamespaceSchemaLocation="https://maven.apache.org/surefire/maven-surefire-plugin/xsd/surefire-test-report-3.0.xsd" version="3.0" name="com.restaurante.AppTest" time="1.816" tests="1" errors="0" skipped="0" failures="0">
  <properties>
[...]
</properties>
  <testcase name="contextLoads" classname="com.restaurante.AppTest" time="0.01">
    <system-out><![CDATA[2024-12-24T15:00:00.541-03:00  INFO 6760 --- [           main] t.c.s.AnnotationConfigContextLoaderUtils : Could not detect default configuration classes for test class [com.restaurante.AppTest]: AppTest does not declare any static, non-private, non-final, nested classes annotated with @Configuration.
2024-12-24T15:00:00.588-03:00  INFO 6760 --- [           main] .b.t.c.SpringBootTestContextBootstrapper : Found @SpringBootConfiguration com.restaurante.RestauranteApplication for test class com.restaurante.AppTest

  .   ____          _            __ _ _
 /\\ / ___'_ __ _ _(_)_ __  __ _ \ \ \ \
( ( )\___ | '_ | '_| | '_ \/ _` | \ \ \ \
 \\/  ___)| |_)| | | | | || (_| |  ) ) ) )
  '  |____| .__|_| |_|_| |_\__, | / / / /
 =========|_|==============|___/=/_/_/_/
 :: Spring Boot ::                (v3.1.5)

2024-12-24T15:00:00.693-03:00  INFO 6760 --- [           main] com.restaurante.AppTest                  : Starting AppTest using Java 23 with PID 6760 (started by mzica in C:\Users\mzica\OneDrive\Desktop\sistema-gestao-restaurantes\restaurante-backend)
2024-12-24T15:00:00.693-03:00 DEBUG 6760 --- [           main] com.restaurante.AppTest                  : Running with Spring Boot v3.1.5, Spring v6.0.13
2024-12-24T15:00:00.695-03:00  INFO 6760 --- [           main] com.restaurante.AppTest                  : No active profile set, falling back to 1 default profile: "default"
2024-12-24T15:00:01.231-03:00  INFO 6760 --- [           main] .s.d.r.c.RepositoryConfigurationDelegate : Bootstrapping Spring Data JPA repositories in DEFAULT mode.
2024-12-24T15:00:01.265-03:00  INFO 6760 --- [           main] .s.d.r.c.RepositoryConfigurationDelegate : Finished Spring Data repository scanning in 32 ms. Found 5 JPA repository interfaces.
2024-12-24T15:00:01.444-03:00  INFO 6760 --- [           main] o.hibernate.jpa.internal.util.LogHelper  : HHH000204: Processing PersistenceUnitInfo [name: default]
2024-12-24T15:00:01.455-03:00  INFO 6760 --- [           main] o.s.o.j.p.SpringPersistenceUnitInfo      : No LoadTimeWeaver setup: ignoring JPA class transformer
2024-12-24T15:00:01.458-03:00  INFO 6760 --- [           main] com.zaxxer.hikari.HikariDataSource       : HikariPool-2 - Starting...
2024-12-24T15:00:01.461-03:00  INFO 6760 --- [           main] com.zaxxer.hikari.pool.HikariPool        : HikariPool-2 - Added connection conn10: url=jdbc:h2:mem:testdb user=SA
2024-12-24T15:00:01.463-03:00  INFO 6760 --- [           main] com.zaxxer.hikari.HikariDataSource       : HikariPool-2 - Start completed.
2024-12-24T15:00:01.464-03:00  WARN 6760 --- [           main] org.hibernate.orm.deprecation            : HHH90000025: H2Dialect does not need to be specified explicitly using 'hibernate.dialect' (remove the property setting and it will be selected by default)
2024-12-24T15:00:01.522-03:00  INFO 6760 --- [           main] o.h.m.i.EntityInstantiatorPojoStandard   : HHH000182: No default (no-argument) constructor for class: com.restaurante.domain.User (class must be instantiated by Interceptor)
2024-12-24T15:00:01.578-03:00  INFO 6760 --- [           main] o.h.e.t.j.p.i.JtaPlatformInitiator       : HHH000489: No JTA platform available (set 'hibernate.transaction.jta.platform' to enable JTA platform integration)
2024-12-24T15:00:01.609-03:00  INFO 6760 --- [           main] j.LocalContainerEntityManagerFactoryBean : Initialized JPA EntityManagerFactory for persistence unit 'default'
2024-12-24T15:00:01.662-03:00  INFO 6760 --- [           main] tionInformation$PropertyDescriptorSource : Couldn't read class metadata for interface java.util.Map. Input property calculation might fail
2024-12-24T15:00:01.950-03:00  WARN 6760 --- [           main] JpaBaseConfiguration$JpaWebConfiguration : spring.jpa.open-in-view is enabled by default. Therefore, database queries may be performed during view rendering. Explicitly configure spring.jpa.open-in-view to disable this warning
2024-12-24T15:00:02.050-03:00  INFO 6760 --- [           main] o.s.s.web.DefaultSecurityFilterChain     : Will secure any request with [org.springframework.security.web.session.DisableEncodeUrlFilter@58b8ee01, org.springframework.security.web.context.request.async.WebAsyncManagerIntegrationFilter@13890ab8, org.springframework.security.web.context.SecurityContextHolderFilter@645650b1, org.springframework.security.web.header.HeaderWriterFilter@1503ef2, org.springframework.security.web.authentication.logout.LogoutFilter@5593dd2b, com.restaurante.security.JwtAuthenticationFilter@23ef226d, org.springframework.security.web.savedrequest.RequestCacheAwareFilter@6caffb24, org.springframework.security.web.servletapi.SecurityContextHolderAwareRequestFilter@6c88ffed, org.springframework.security.web.authentication.AnonymousAuthenticationFilter@6659e7f5, org.springframework.security.web.session.SessionManagementFilter@39d8d89, org.springframework.security.web.access.ExceptionTranslationFilter@10031e49, org.springframework.security.web.access.intercept.AuthorizationFilter@6d2a92c2]
2024-12-24T15:00:02.280-03:00  INFO 6760 --- [           main] o.s.b.a.h2.H2ConsoleAutoConfiguration    : H2 console available at '/h2-console'. Database available at 'jdbc:h2:mem:testdb'
2024-12-24T15:00:02.325-03:00  INFO 6760 --- [           main] o.s.m.s.b.SimpleBrokerMessageHandler     : Starting...
2024-12-24T15:00:02.325-03:00  INFO 6760 --- [           main] o.s.m.s.b.SimpleBrokerMessageHandler     : BrokerAvailabilityEvent[available=true, SimpleBrokerMessageHandler [org.springframework.messaging.simp.broker.DefaultSubscriptionRegistry@27d3a440]]
2024-12-24T15:00:02.326-03:00  INFO 6760 --- [           main] o.s.m.s.b.SimpleBrokerMessageHandler     : Started.
2024-12-24T15:00:02.329-03:00  INFO 6760 --- [           main] com.restaurante.AppTest                  : Started AppTest in 1.724 seconds (process running for 20.709)
]]></system-out>
  </testcase>
</testsuite>