<?xml version="1.0" encoding="UTF-8"?>
<testsuite xmlns:xsi="http://www.w3.org/2001/XMLSchema-instance" xsi:noNamespaceSchemaLocation="https://maven.apache.org/surefire/maven-surefire-plugin/xsd/surefire-test-report-3.0.xsd" version="3.0" name="com.restaurante.AppTest" time="1.729" tests="1" errors="0" skipped="0" failures="0">
  <properties>
[...]
</properties>
  <testcase name="contextLoads" classname="com.restaurante.AppTest" time="0.009">
    <system-out><![CDATA[2024-12-22T12:21:39.414-03:00  INFO 3820 --- [           main] t.c.s.AnnotationConfigContextLoaderUtils : Could not detect default configuration classes for test class [com.restaurante.AppTest]: AppTest does not declare any static, non-private, non-final, nested classes annotated with @Configuration.
2024-12-22T12:21:39.495-03:00  INFO 3820 --- [           main] .b.t.c.SpringBootTestContextBootstrapper : Found @SpringBootConfiguration com.restaurante.RestauranteApplication for test class com.restaurante.AppTest

  .   ____          _            __ _ _
 /\\ / ___'_ __ _ _(_)_ __  __ _ \ \ \ \
( ( )\___ | '_ | '_| | '_ \/ _` | \ \ \ \
 \\/  ___)| |_)| | | | | || (_| |  ) ) ) )
  '  |____| .__|_| |_|_| |_\__, | / / / /
 =========|_|==============|___/=/_/_/_/
 :: Spring Boot ::                (v3.1.5)

2024-12-22T12:21:39.580-03:00  INFO 3820 --- [           main] com.restaurante.AppTest                  : Starting AppTest using Java 23 with PID 3820 (started by mzica in C:\Users\mzica\OneDrive\Desktop\sistema-gestao-restaurantes\restaurante-backend)
2024-12-22T12:21:39.580-03:00 DEBUG 3820 --- [           main] com.restaurante.AppTest                  : Running with Spring Boot v3.1.5, Spring v6.0.13
2024-12-22T12:21:39.581-03:00  INFO 3820 --- [           main] com.restaurante.AppTest                  : No active profile set, falling back to 1 default profile: "default"
2024-12-22T12:21:40.175-03:00  INFO 3820 --- [           main] .s.d.r.c.RepositoryConfigurationDelegate : Bootstrapping Spring Data JPA repositories in DEFAULT mode.
2024-12-22T12:21:40.275-03:00  INFO 3820 --- [           main] .s.d.r.c.RepositoryConfigurationDelegate : Finished Spring Data repository scanning in 98 ms. Found 4 JPA repository interfaces.
2024-12-22T12:21:40.431-03:00  INFO 3820 --- [           main] o.hibernate.jpa.internal.util.LogHelper  : HHH000204: Processing PersistenceUnitInfo [name: default]
2024-12-22T12:21:40.446-03:00  INFO 3820 --- [           main] o.s.o.j.p.SpringPersistenceUnitInfo      : No LoadTimeWeaver setup: ignoring JPA class transformer
2024-12-22T12:21:40.448-03:00  INFO 3820 --- [           main] com.zaxxer.hikari.HikariDataSource       : HikariPool-2 - Starting...
2024-12-22T12:21:40.449-03:00  INFO 3820 --- [           main] com.zaxxer.hikari.pool.HikariPool        : HikariPool-2 - Added connection conn10: url=jdbc:h2:mem:testdb user=SA
2024-12-22T12:21:40.449-03:00  INFO 3820 --- [           main] com.zaxxer.hikari.HikariDataSource       : HikariPool-2 - Start completed.
2024-12-22T12:21:40.451-03:00  WARN 3820 --- [           main] org.hibernate.orm.deprecation            : HHH90000025: H2Dialect does not need to be specified explicitly using 'hibernate.dialect' (remove the property setting and it will be selected by default)
2024-12-22T12:21:40.573-03:00  INFO 3820 --- [           main] o.h.e.t.j.p.i.JtaPlatformInitiator       : HHH000489: No JTA platform available (set 'hibernate.transaction.jta.platform' to enable JTA platform integration)
2024-12-22T12:21:40.595-03:00  INFO 3820 --- [           main] j.LocalContainerEntityManagerFactoryBean : Initialized JPA EntityManagerFactory for persistence unit 'default'
2024-12-22T12:21:40.645-03:00  INFO 3820 --- [           main] tionInformation$PropertyDescriptorSource : Couldn't read class metadata for interface java.util.Map. Input property calculation might fail
2024-12-22T12:21:40.834-03:00  WARN 3820 --- [           main] JpaBaseConfiguration$JpaWebConfiguration : spring.jpa.open-in-view is enabled by default. Therefore, database queries may be performed during view rendering. Explicitly configure spring.jpa.open-in-view to disable this warning
2024-12-22T12:21:41.064-03:00  INFO 3820 --- [           main] o.s.b.a.h2.H2ConsoleAutoConfiguration    : H2 console available at '/h2-console'. Database available at 'jdbc:h2:mem:testdb'
2024-12-22T12:21:41.096-03:00  INFO 3820 --- [           main] o.s.m.s.b.SimpleBrokerMessageHandler     : Starting...
2024-12-22T12:21:41.097-03:00  INFO 3820 --- [           main] o.s.m.s.b.SimpleBrokerMessageHandler     : BrokerAvailabilityEvent[available=true, SimpleBrokerMessageHandler [org.springframework.messaging.simp.broker.DefaultSubscriptionRegistry@2ff61c95]]
2024-12-22T12:21:41.098-03:00  INFO 3820 --- [           main] o.s.m.s.b.SimpleBrokerMessageHandler     : Started.
2024-12-22T12:21:41.102-03:00  INFO 3820 --- [           main] com.restaurante.AppTest                  : Started AppTest in 1.597 seconds (process running for 14.867)
]]></system-out>
  </testcase>
</testsuite>